<?xml version="1.0" encoding="UTF-8"?>
<!-- Generated by org.testng.reporters.JUnitReportReporter -->
<testsuite hostname="DESKTOP-7BIFSQS" name="com.test.mainlinetestvismc.testcases.StartApplicationAndLoginTest" tests="1" failures="0" timestamp="14 Sep 2018 17:19:31 GMT" time="514.129" errors="0">
  <testcase name="launchpad" time="514.129" classname="com.test.mainlinetestvismc.testcases.StartApplicationAndLoginTest"/>
</testsuite> <!-- com.test.mainlinetestvismc.testcases.StartApplicationAndLoginTest -->
