<?xml version="1.0" encoding="UTF-8"?>
<!-- Generated by org.testng.reporters.JUnitReportReporter -->
<testsuite hostname="DESKTOP-7BIFSQS" name="com.test.mainlinetestvismc.testcases.StartApplicationAndLoginTest" tests="1" failures="0" timestamp="12 Sep 2018 18:31:37 GMT" time="102.336" errors="0">
  <testcase name="launchpad" time="102.336" classname="com.test.mainlinetestvismc.testcases.StartApplicationAndLoginTest"/>
</testsuite> <!-- com.test.mainlinetestvismc.testcases.StartApplicationAndLoginTest -->
