<?xml version="1.0" encoding="UTF-8"?>
<!-- Generated by org.testng.reporters.JUnitReportReporter -->
<testsuite hostname="DESKTOP-7BIFSQS" name="com.test.mainlinetestvismc.testcases.StartApplicationAndLoginTest" tests="1" failures="0" timestamp="13 Oct 2018 10:18:24 GMT" time="154.244" errors="0">
  <testcase name="launchpad" time="154.244" classname="com.test.mainlinetestvismc.testcases.StartApplicationAndLoginTest"/>
</testsuite> <!-- com.test.mainlinetestvismc.testcases.StartApplicationAndLoginTest -->
